<?xml version="1.0" encoding="UTF-8"?>
<testsuites>
  <testsuite name="" tests="16" assertions="39" failures="2" errors="0" time="11.105192">
    <testsuite name="Skel Test Suite" tests="16" assertions="39" failures="2" errors="0" time="11.105192">
      <testsuite name="Application\Model\CommentTest" file="/var/www/zendf2napratica/module/Application/tests/src/Application/Model/CommentTest.php" tests="8" assertions="21" failures="2" errors="0" time="7.451151">
        <testcase name="testGetInputFilter" class="Application\Model\CommentTest" file="/var/www/zendf2napratica/module/Application/tests/src/Application/Model/CommentTest.php" line="15" assertions="1" time="1.813274"/>
        <testcase name="testInputFilterValid" class="Application\Model\CommentTest" file="/var/www/zendf2napratica/module/Application/tests/src/Application/Model/CommentTest.php" line="26" assertions="8" time="0.416268"/>
        <testcase name="testInputFilterInvalido" class="Application\Model\CommentTest" file="/var/www/zendf2napratica/module/Application/tests/src/Application/Model/CommentTest.php" line="42" assertions="2" time="0.932173"/>
        <testcase name="testInsert" class="Application\Model\CommentTest" file="/var/www/zendf2napratica/module/Application/tests/src/Application/Model/CommentTest.php" line="51" assertions="2" time="1.119959"/>
        <testcase name="testInsertInvalido" class="Application\Model\CommentTest" file="/var/www/zendf2napratica/module/Application/tests/src/Application/Model/CommentTest.php" line="66" assertions="1" time="0.561679">
          <failure type="PHPUnit_Framework_ExpectationFailedException">Application\Model\CommentTest::testInsertInvalido
Failed asserting that exception of type "PDOException" matches expected exception "Zend\Db\Adapter\Exception\InvalidQueryException". Message was: "SQLSTATE[23000]: Integrity constraint violation: 1452 Cannot add or update a child row: a foreign key constraint fails (`zf2napratica_test`.`comments`, CONSTRAINT `fk_comments_posts` FOREIGN KEY (`post_id`) REFERENCES `posts` (`id`) ON DELETE NO ACTION ON UPDATE NO ACTION)" at
#0 /var/www/zendf2napratica/vendor/zendframework/zendframework/library/Zend/Db/Adapter/Driver/Pdo/Statement.php(240): PDOStatement-&gt;execute()
#1 /var/www/zendf2napratica/vendor/zendframework/zendframework/library/Zend/Db/TableGateway/AbstractTableGateway.php(291): Zend\Db\Adapter\Driver\Pdo\Statement-&gt;execute()
#2 /var/www/zendf2napratica/vendor/zendframework/zendframework/library/Zend/Db/TableGateway/AbstractTableGateway.php(258): Zend\Db\TableGateway\AbstractTableGateway-&gt;executeInsert(Object(Zend\Db\Sql\Insert))
#3 /var/www/zendf2napratica/module/Core/src/Core/Db/TableGateway.php(82): Zend\Db\TableGateway\AbstractTableGateway-&gt;insert(Array)
#4 /var/www/zendf2napratica/module/Application/tests/src/Application/Model/CommentTest.php(71): Core\Db\TableGateway-&gt;save(Object(Application\Model\Comment))
#5 [internal function]: Application\Model\CommentTest-&gt;testInsertInvalido()
#6 phar:///usr/bin/phpunit/phpunit/Framework/TestCase.php(956): ReflectionMethod-&gt;invokeArgs(Object(Application\Model\CommentTest), Array)
#7 phar:///usr/bin/phpunit/phpunit/Framework/TestCase.php(824): PHPUnit_Framework_TestCase-&gt;runTest()
#8 phar:///usr/bin/phpunit/phpunit/Framework/TestResult.php(692): PHPUnit_Framework_TestCase-&gt;runBare()
#9 phar:///usr/bin/phpunit/phpunit/Framework/TestCase.php(764): PHPUnit_Framework_TestResult-&gt;run(Object(Application\Model\CommentTest))
#10 phar:///usr/bin/phpunit/phpunit/Framework/TestSuite.php(722): PHPUnit_Framework_TestCase-&gt;run(Object(PHPUnit_Framework_TestResult))
#11 phar:///usr/bin/phpunit/phpunit/Framework/TestSuite.php(722): PHPUnit_Framework_TestSuite-&gt;run(Object(PHPUnit_Framework_TestResult))
#12 phar:///usr/bin/phpunit/phpunit/Framework/TestSuite.php(722): PHPUnit_Framework_TestSuite-&gt;run(Object(PHPUnit_Framework_TestResult))
#13 phar:///usr/bin/phpunit/phpunit/TextUI/TestRunner.php(419): PHPUnit_Framework_TestSuite-&gt;run(Object(PHPUnit_Framework_TestResult))
#14 phar:///usr/bin/phpunit/phpunit/TextUI/Command.php(179): PHPUnit_TextUI_TestRunner-&gt;doRun(Object(PHPUnit_Framework_TestSuite), Array)
#15 phar:///usr/bin/phpunit/phpunit/TextUI/Command.php(132): PHPUnit_TextUI_Command-&gt;run(Array, true)
#16 /usr/bin/phpunit(581): PHPUnit_TextUI_Command::main()
#17 {main}.

</failure>
        </testcase>
        <testcase name="testUpdate" class="Application\Model\CommentTest" file="/var/www/zendf2napratica/module/Application/tests/src/Application/Model/CommentTest.php" line="74" assertions="3" time="1.037595"/>
        <testcase name="testUpdateInvalido" class="Application\Model\CommentTest" file="/var/www/zendf2napratica/module/Application/tests/src/Application/Model/CommentTest.php" line="97" assertions="1" time="0.938444">
          <failure type="PHPUnit_Framework_ExpectationFailedException">Application\Model\CommentTest::testUpdateInvalido
Failed asserting that exception of type "PDOException" matches expected exception "Zend\Db\Adapter\Exception\InvalidQueryException". Message was: "SQLSTATE[23000]: Integrity constraint violation: 1452 Cannot add or update a child row: a foreign key constraint fails (`zf2napratica_test`.`comments`, CONSTRAINT `fk_comments_posts` FOREIGN KEY (`post_id`) REFERENCES `posts` (`id`) ON DELETE NO ACTION ON UPDATE NO ACTION)" at
#0 /var/www/zendf2napratica/vendor/zendframework/zendframework/library/Zend/Db/Adapter/Driver/Pdo/Statement.php(240): PDOStatement-&gt;execute()
#1 /var/www/zendf2napratica/vendor/zendframework/zendframework/library/Zend/Db/TableGateway/AbstractTableGateway.php(351): Zend\Db\Adapter\Driver\Pdo\Statement-&gt;execute()
#2 /var/www/zendf2napratica/vendor/zendframework/zendframework/library/Zend/Db/TableGateway/AbstractTableGateway.php(318): Zend\Db\TableGateway\AbstractTableGateway-&gt;executeUpdate(Object(Zend\Db\Sql\Update))
#3 /var/www/zendf2napratica/module/Core/src/Core/Db/TableGateway.php(89): Zend\Db\TableGateway\AbstractTableGateway-&gt;update(Array, Array)
#4 /var/www/zendf2napratica/module/Application/tests/src/Application/Model/CommentTest.php(106): Core\Db\TableGateway-&gt;save(Object(Application\Model\Comment))
#5 [internal function]: Application\Model\CommentTest-&gt;testUpdateInvalido()
#6 phar:///usr/bin/phpunit/phpunit/Framework/TestCase.php(956): ReflectionMethod-&gt;invokeArgs(Object(Application\Model\CommentTest), Array)
#7 phar:///usr/bin/phpunit/phpunit/Framework/TestCase.php(824): PHPUnit_Framework_TestCase-&gt;runTest()
#8 phar:///usr/bin/phpunit/phpunit/Framework/TestResult.php(692): PHPUnit_Framework_TestCase-&gt;runBare()
#9 phar:///usr/bin/phpunit/phpunit/Framework/TestCase.php(764): PHPUnit_Framework_TestResult-&gt;run(Object(Application\Model\CommentTest))
#10 phar:///usr/bin/phpunit/phpunit/Framework/TestSuite.php(722): PHPUnit_Framework_TestCase-&gt;run(Object(PHPUnit_Framework_TestResult))
#11 phar:///usr/bin/phpunit/phpunit/Framework/TestSuite.php(722): PHPUnit_Framework_TestSuite-&gt;run(Object(PHPUnit_Framework_TestResult))
#12 phar:///usr/bin/phpunit/phpunit/Framework/TestSuite.php(722): PHPUnit_Framework_TestSuite-&gt;run(Object(PHPUnit_Framework_TestResult))
#13 phar:///usr/bin/phpunit/phpunit/TextUI/TestRunner.php(419): PHPUnit_Framework_TestSuite-&gt;run(Object(PHPUnit_Framework_TestResult))
#14 phar:///usr/bin/phpunit/phpunit/TextUI/Command.php(179): PHPUnit_TextUI_TestRunner-&gt;doRun(Object(PHPUnit_Framework_TestSuite), Array)
#15 phar:///usr/bin/phpunit/phpunit/TextUI/Command.php(132): PHPUnit_TextUI_Command-&gt;run(Array, true)
#16 /usr/bin/phpunit(581): PHPUnit_TextUI_Command::main()
#17 {main}.

</failure>
        </testcase>
        <testcase name="testDelete" class="Application\Model\CommentTest" file="/var/www/zendf2napratica/module/Application/tests/src/Application/Model/CommentTest.php" line="113" assertions="3" time="0.631759"/>
      </testsuite>
      <testsuite name="Application\Model\PostTest" file="/var/www/zendf2napratica/module/Application/tests/src/Application/Model/PostTest.php" tests="7" assertions="17" failures="0" errors="0" time="2.891083">
        <testcase name="testGetInputFilter" class="Application\Model\PostTest" file="/var/www/zendf2napratica/module/Application/tests/src/Application/Model/PostTest.php" line="13" assertions="1" time="0.357262"/>
        <testcase name="testInputFilterValid" class="Application\Model\PostTest" file="/var/www/zendf2napratica/module/Application/tests/src/Application/Model/PostTest.php" line="25" assertions="5" time="0.344490"/>
        <testcase name="testInputFilterInvalido" class="Application\Model\PostTest" file="/var/www/zendf2napratica/module/Application/tests/src/Application/Model/PostTest.php" line="39" assertions="1" time="0.366217"/>
        <testcase name="testInsert" class="Application\Model\PostTest" file="/var/www/zendf2napratica/module/Application/tests/src/Application/Model/PostTest.php" line="50" assertions="2" time="0.369056"/>
        <testcase name="testInsertInvalido" class="Application\Model\PostTest" file="/var/www/zendf2napratica/module/Application/tests/src/Application/Model/PostTest.php" line="66" assertions="2" time="0.447243"/>
        <testcase name="testUpdate" class="Application\Model\PostTest" file="/var/www/zendf2napratica/module/Application/tests/src/Application/Model/PostTest.php" line="75" assertions="3" time="0.582018"/>
        <testcase name="testDelete" class="Application\Model\PostTest" file="/var/www/zendf2napratica/module/Application/tests/src/Application/Model/PostTest.php" line="99" assertions="3" time="0.424797"/>
      </testsuite>
      <testsuite name="IndexControllerTest" file="/var/www/zendf2napratica/module/Application/tests/src/Skel/Controller/IndexControllerTest.php" tests="1" assertions="1" failures="0" errors="0" time="0.762958">
        <testcase name="test404" class="IndexControllerTest" file="/var/www/zendf2napratica/module/Application/tests/src/Skel/Controller/IndexControllerTest.php" line="28" assertions="1" time="0.762958"/>
      </testsuite>
      <testsuite name="Skel\Service\PostTest" file="/var/www/zendf2napratica/module/Application/tests/src/Skel/Service/PostTest.php" tests="0" assertions="0" failures="0" errors="0" time="0.000000"/>
    </testsuite>
  </testsuite>
</testsuites>
